<?xml version="1.0" encoding="UTF-8"?>
<!-- Generated by org.testng.reporters.JUnitXMLReporter -->
<testsuite ignored="0" hostname="APL-1VXWT24" failures="0" tests="3" name="Amazon Tests" time="78.476" errors="0" timestamp="2026-05-13T14:17:50 IST">
  <testcase classname="AmazonTesting.AmazonFunctionTesting" name="emptyLoginValidation" time="9.417"/>
  <testcase classname="AmazonTesting.AmazonFunctionTesting" name="invalidLoginCredentials" time="20.491"/>
  <testcase classname="AmazonTesting.AmazonFunctionTesting" name="loginFunctionality" time="17.597"/>
</testsuite> <!-- Amazon Tests -->
