<?xml version="1.0" encoding="UTF-8"?>
<!-- Generated by org.testng.reporters.JUnitXMLReporter -->
<testsuite ignored="0" hostname="APL-1VXWT24" failures="0" tests="3" name="Amazon Tests" time="55.874" errors="0" timestamp="2026-05-13T11:24:52 IST">
  <testcase classname="AmazonTesting.AmazonFunctionTesting" name="emptyLoginValidation" time="8.258"/>
  <testcase classname="AmazonTesting.AmazonFunctionTesting" name="invalidLoginCredentials" time="16.948"/>
  <testcase classname="AmazonTesting.AmazonFunctionTesting" name="loginFunctionality" time="15.578"/>
</testsuite> <!-- Amazon Tests -->
