<?xml version="1.0" encoding="UTF-8"?>
<testng-results ignored="0" total="3" passed="3" failed="0" skipped="0">
  <reporter-output>
  </reporter-output>
  <suite started-at="2026-05-13T14:16:32 IST" name="Amazon Test Suite" finished-at="2026-05-13T14:17:50 IST" duration-ms="78476">
    <groups>
    </groups>
    <test started-at="2026-05-13T14:16:32 IST" name="Amazon Tests" finished-at="2026-05-13T14:17:50 IST" duration-ms="78476">
      <class name="AmazonTesting.AmazonFunctionTesting">
        <test-method is-config="true" signature="beforeSuite()[pri:0, instance:AmazonTesting.AmazonFunctionTesting@e4487af]" started-at="2026-05-13T14:16:32 IST" name="beforeSuite" finished-at="2026-05-13T14:16:32 IST" duration-ms="43" status="PASS">
          <reporter-output>
          </reporter-output>
        </test-method> <!-- beforeSuite -->
        <test-method is-config="true" signature="beforeClass()[pri:0, instance:AmazonTesting.AmazonFunctionTesting@e4487af]" started-at="2026-05-13T14:16:32 IST" name="beforeClass" finished-at="2026-05-13T14:16:37 IST" duration-ms="5249" status="PASS">
          <reporter-output>
          </reporter-output>
        </test-method> <!-- beforeClass -->
        <test-method is-config="true" signature="beforeMethod()[pri:0, instance:AmazonTesting.AmazonFunctionTesting@e4487af]" started-at="2026-05-13T14:16:37 IST" name="beforeMethod" finished-at="2026-05-13T14:16:50 IST" duration-ms="13394" status="PASS">
          <reporter-output>
          </reporter-output>
        </test-method> <!-- beforeMethod -->
        <test-method signature="emptyLoginValidation()[pri:1, instance:AmazonTesting.AmazonFunctionTesting@e4487af]" started-at="2026-05-13T14:16:50 IST" name="emptyLoginValidation" finished-at="2026-05-13T14:17:00 IST" duration-ms="9417" status="PASS">
          <reporter-output>
          </reporter-output>
        </test-method> <!-- emptyLoginValidation -->
        <test-method is-config="true" signature="afterMethod()[pri:0, instance:AmazonTesting.AmazonFunctionTesting@e4487af]" started-at="2026-05-13T14:17:00 IST" name="afterMethod" finished-at="2026-05-13T14:17:01 IST" duration-ms="1107" status="PASS">
          <reporter-output>
          </reporter-output>
        </test-method> <!-- afterMethod -->
        <test-method is-config="true" signature="beforeMethod()[pri:0, instance:AmazonTesting.AmazonFunctionTesting@e4487af]" started-at="2026-05-13T14:17:01 IST" name="beforeMethod" finished-at="2026-05-13T14:17:06 IST" duration-ms="5198" status="PASS">
          <reporter-output>
          </reporter-output>
        </test-method> <!-- beforeMethod -->
        <test-method signature="invalidLoginCredentials()[pri:2, instance:AmazonTesting.AmazonFunctionTesting@e4487af]" started-at="2026-05-13T14:17:06 IST" name="invalidLoginCredentials" finished-at="2026-05-13T14:17:27 IST" duration-ms="20491" status="PASS">
          <reporter-output>
          </reporter-output>
        </test-method> <!-- invalidLoginCredentials -->
        <test-method is-config="true" signature="afterMethod()[pri:0, instance:AmazonTesting.AmazonFunctionTesting@e4487af]" started-at="2026-05-13T14:17:27 IST" name="afterMethod" finished-at="2026-05-13T14:17:27 IST" duration-ms="691" status="PASS">
          <reporter-output>
          </reporter-output>
        </test-method> <!-- afterMethod -->
        <test-method is-config="true" signature="beforeMethod()[pri:0, instance:AmazonTesting.AmazonFunctionTesting@e4487af]" started-at="2026-05-13T14:17:27 IST" name="beforeMethod" finished-at="2026-05-13T14:17:32 IST" duration-ms="4342" status="PASS">
          <reporter-output>
          </reporter-output>
        </test-method> <!-- beforeMethod -->
        <test-method signature="loginFunctionality()[pri:3, instance:AmazonTesting.AmazonFunctionTesting@e4487af]" started-at="2026-05-13T14:17:32 IST" name="loginFunctionality" finished-at="2026-05-13T14:17:49 IST" duration-ms="17597" status="PASS">
          <reporter-output>
          </reporter-output>
        </test-method> <!-- loginFunctionality -->
        <test-method is-config="true" signature="afterMethod()[pri:0, instance:AmazonTesting.AmazonFunctionTesting@e4487af]" started-at="2026-05-13T14:17:49 IST" name="afterMethod" finished-at="2026-05-13T14:17:50 IST" duration-ms="853" status="PASS">
          <reporter-output>
          </reporter-output>
        </test-method> <!-- afterMethod -->
        <test-method is-config="true" signature="afterClass()[pri:0, instance:AmazonTesting.AmazonFunctionTesting@e4487af]" started-at="2026-05-13T14:17:50 IST" name="afterClass" finished-at="2026-05-13T14:17:50 IST" duration-ms="1" status="PASS">
          <reporter-output>
          </reporter-output>
        </test-method> <!-- afterClass -->
        <test-method is-config="true" signature="afterSuite()[pri:0, instance:AmazonTesting.AmazonFunctionTesting@e4487af]" started-at="2026-05-13T14:17:50 IST" name="afterSuite" finished-at="2026-05-13T14:17:50 IST" duration-ms="1" status="PASS">
          <reporter-output>
          </reporter-output>
        </test-method> <!-- afterSuite -->
      </class> <!-- AmazonTesting.AmazonFunctionTesting -->
    </test> <!-- Amazon Tests -->
  </suite> <!-- Amazon Test Suite -->
</testng-results>
