<?xml version="1.0" encoding="UTF-8"?>
<testng-results ignored="0" total="3" passed="3" failed="0" skipped="0">
  <reporter-output>
  </reporter-output>
  <suite started-at="2026-05-13T11:23:56 IST" name="Amazon Test Suite" finished-at="2026-05-13T11:24:52 IST" duration-ms="55874">
    <groups>
    </groups>
    <test started-at="2026-05-13T11:23:56 IST" name="Amazon Tests" finished-at="2026-05-13T11:24:52 IST" duration-ms="55874">
      <class name="AmazonTesting.AmazonFunctionTesting">
        <test-method is-config="true" signature="beforeSuite()[pri:0, instance:AmazonTesting.AmazonFunctionTesting@e4487af]" started-at="2026-05-13T11:23:56 IST" name="beforeSuite" finished-at="2026-05-13T11:23:56 IST" duration-ms="16" status="PASS">
          <reporter-output>
          </reporter-output>
        </test-method> <!-- beforeSuite -->
        <test-method is-config="true" signature="beforeClass()[pri:0, instance:AmazonTesting.AmazonFunctionTesting@e4487af]" started-at="2026-05-13T11:23:56 IST" name="beforeClass" finished-at="2026-05-13T11:23:57 IST" duration-ms="593" status="PASS">
          <reporter-output>
          </reporter-output>
        </test-method> <!-- beforeClass -->
        <test-method is-config="true" signature="beforeMethod()[pri:0, instance:AmazonTesting.AmazonFunctionTesting@e4487af]" started-at="2026-05-13T11:23:57 IST" name="beforeMethod" finished-at="2026-05-13T11:24:02 IST" duration-ms="5219" status="PASS">
          <reporter-output>
          </reporter-output>
        </test-method> <!-- beforeMethod -->
        <test-method signature="emptyLoginValidation()[pri:1, instance:AmazonTesting.AmazonFunctionTesting@e4487af]" started-at="2026-05-13T11:24:02 IST" name="emptyLoginValidation" finished-at="2026-05-13T11:24:11 IST" duration-ms="8258" status="PASS">
          <reporter-output>
          </reporter-output>
        </test-method> <!-- emptyLoginValidation -->
        <test-method is-config="true" signature="afterMethod()[pri:0, instance:AmazonTesting.AmazonFunctionTesting@e4487af]" started-at="2026-05-13T11:24:11 IST" name="afterMethod" finished-at="2026-05-13T11:24:11 IST" duration-ms="289" status="PASS">
          <reporter-output>
          </reporter-output>
        </test-method> <!-- afterMethod -->
        <test-method is-config="true" signature="beforeMethod()[pri:0, instance:AmazonTesting.AmazonFunctionTesting@e4487af]" started-at="2026-05-13T11:24:11 IST" name="beforeMethod" finished-at="2026-05-13T11:24:15 IST" duration-ms="3893" status="PASS">
          <reporter-output>
          </reporter-output>
        </test-method> <!-- beforeMethod -->
        <test-method signature="invalidLoginCredentials()[pri:2, instance:AmazonTesting.AmazonFunctionTesting@e4487af]" started-at="2026-05-13T11:24:15 IST" name="invalidLoginCredentials" finished-at="2026-05-13T11:24:32 IST" duration-ms="16948" status="PASS">
          <reporter-output>
          </reporter-output>
        </test-method> <!-- invalidLoginCredentials -->
        <test-method is-config="true" signature="afterMethod()[pri:0, instance:AmazonTesting.AmazonFunctionTesting@e4487af]" started-at="2026-05-13T11:24:32 IST" name="afterMethod" finished-at="2026-05-13T11:24:32 IST" duration-ms="437" status="PASS">
          <reporter-output>
          </reporter-output>
        </test-method> <!-- afterMethod -->
        <test-method is-config="true" signature="beforeMethod()[pri:0, instance:AmazonTesting.AmazonFunctionTesting@e4487af]" started-at="2026-05-13T11:24:32 IST" name="beforeMethod" finished-at="2026-05-13T11:24:36 IST" duration-ms="4273" status="PASS">
          <reporter-output>
          </reporter-output>
        </test-method> <!-- beforeMethod -->
        <test-method signature="loginFunctionality()[pri:3, instance:AmazonTesting.AmazonFunctionTesting@e4487af]" started-at="2026-05-13T11:24:36 IST" name="loginFunctionality" finished-at="2026-05-13T11:24:52 IST" duration-ms="15578" status="PASS">
          <reporter-output>
          </reporter-output>
        </test-method> <!-- loginFunctionality -->
        <test-method is-config="true" signature="afterMethod()[pri:0, instance:AmazonTesting.AmazonFunctionTesting@e4487af]" started-at="2026-05-13T11:24:52 IST" name="afterMethod" finished-at="2026-05-13T11:24:52 IST" duration-ms="316" status="PASS">
          <reporter-output>
          </reporter-output>
        </test-method> <!-- afterMethod -->
        <test-method is-config="true" signature="afterClass()[pri:0, instance:AmazonTesting.AmazonFunctionTesting@e4487af]" started-at="2026-05-13T11:24:52 IST" name="afterClass" finished-at="2026-05-13T11:24:52 IST" duration-ms="0" status="PASS">
          <reporter-output>
          </reporter-output>
        </test-method> <!-- afterClass -->
        <test-method is-config="true" signature="afterSuite()[pri:0, instance:AmazonTesting.AmazonFunctionTesting@e4487af]" started-at="2026-05-13T11:24:52 IST" name="afterSuite" finished-at="2026-05-13T11:24:52 IST" duration-ms="0" status="PASS">
          <reporter-output>
          </reporter-output>
        </test-method> <!-- afterSuite -->
      </class> <!-- AmazonTesting.AmazonFunctionTesting -->
    </test> <!-- Amazon Tests -->
  </suite> <!-- Amazon Test Suite -->
</testng-results>
