<?xml version="1.0" encoding="UTF-8"?>
<!-- Generated by org.testng.reporters.JUnitReportReporter -->
<testsuite hostname="APL-1VXWT24" failures="0" tests="3" name="AmazonTesting.AmazonFunctionTesting" time="55.211" errors="0" timestamp="2026-05-13T11:24:52 IST" skipped="0">
  <testcase classname="AmazonTesting.AmazonFunctionTesting" name="emptyLoginValidation" time="12.968"/>
  <testcase classname="AmazonTesting.AmazonFunctionTesting" name="invalidLoginCredentials" time="22.483"/>
  <testcase classname="AmazonTesting.AmazonFunctionTesting" name="loginFunctionality" time="19.760"/>
</testsuite> <!-- AmazonTesting.AmazonFunctionTesting -->
