<?xml version="1.0" encoding="UTF-8"?>
<!-- Generated by org.testng.reporters.JUnitReportReporter -->
<testsuite hostname="APL-1VXWT24" failures="0" tests="3" name="AmazonTesting.AmazonFunctionTesting" time="73.090" errors="0" timestamp="2026-05-13T14:17:51 IST" skipped="0">
  <testcase classname="AmazonTesting.AmazonFunctionTesting" name="emptyLoginValidation" time="15.468"/>
  <testcase classname="AmazonTesting.AmazonFunctionTesting" name="invalidLoginCredentials" time="34.992"/>
  <testcase classname="AmazonTesting.AmazonFunctionTesting" name="loginFunctionality" time="22.630"/>
</testsuite> <!-- AmazonTesting.AmazonFunctionTesting -->
